<?xml version="1.0" encoding="UTF-8"?>
<!-- Generated by org.testng.reporters.JUnitReportReporter -->
<testsuite hostname="LAPTOP-BB9R4924" failures="0" tests="1" name="com.opencart.tests.RegisterTest" time="5.471" errors="0" timestamp="2025-09-07T23:47:26 IST" skipped="0">
  <testcase classname="com.opencart.tests.RegisterTest" name="testRegisterUser" time="5.471"/>
</testsuite> <!-- com.opencart.tests.RegisterTest -->
