<?xml version="1.0" encoding="UTF-8"?>
<!-- Generated by org.testng.reporters.JUnitReportReporter -->
<testsuite hostname="LAPTOP-BB9R4924" failures="0" tests="1" name="com.opencart.tests.CheckoutTest" time="4.288" errors="0" timestamp="2025-09-08T13:16:11 IST" skipped="0">
  <testcase classname="com.opencart.tests.CheckoutTest" name="testCheckoutProcess" time="4.288"/>
</testsuite> <!-- com.opencart.tests.CheckoutTest -->
