<?xml version="1.0" encoding="UTF-8"?>
<!-- Generated by org.testng.reporters.JUnitReportReporter -->
<testsuite hostname="LAPTOP-BB9R4924" failures="0" tests="1" name="com.opencart.tests.CheckoutTest" time="4.162" errors="0" timestamp="2025-09-07T23:47:26 IST" skipped="0">
  <testcase classname="com.opencart.tests.CheckoutTest" name="testCheckoutProcess" time="4.162"/>
</testsuite> <!-- com.opencart.tests.CheckoutTest -->
